<?xml version="1.0" encoding="UTF-8"?>
<testsuite xmlns:xsi="http://www.w3.org/2001/XMLSchema-instance" xsi:noNamespaceSchemaLocation="https://maven.apache.org/surefire/maven-surefire-plugin/xsd/surefire-test-report-3.0.xsd" version="3.0" name="TestSuite" time="45.074" tests="4" errors="0" skipped="0" failures="0">
  <properties>
[...]
</properties>
  <testcase name="logintest[dsalgo123, Sowmiya@123](1)" classname="com.dsalgo.testcases.TC_Logintest_datadriven" time="5.177">
    <system-out><![CDATA[i -1j -0
i -1j -1
i -2j -0
i -2j -1
i -3j -0
i -3j -1
i -4j -0
i -4j -1
2022-07-06 12:03:58 INFO  ds-algo:20 - user is on login page
  2022-07-06 12:03:59 INFO  ds-algo:24 - user read data from excel
  ]]></system-out>
    <system-err><![CDATA[SLF4J: Failed to load class "org.slf4j.impl.StaticLoggerBinder".
SLF4J: Defaulting to no-operation (NOP) logger implementation
SLF4J: See http://www.slf4j.org/codes.html#StaticLoggerBinder for further details.
Starting ChromeDriver 103.0.5060.53 (a1711811edd74ff1cf2150f36ffa3b0dae40b17f-refs/branch-heads/5060@{#853}) on port 55217
Only local connections are allowed.
Please see https://chromedriver.chromium.org/security-considerations for suggestions on keeping ChromeDriver safe.
ChromeDriver was started successfully.
Jul 06, 2022 12:03:44 PM org.openqa.selenium.remote.ProtocolHandshake createSession
INFO: Detected dialect: W3C
Jul 06, 2022 12:03:45 PM org.openqa.selenium.devtools.CdpVersionFinder findNearestMatch
WARNING: Unable to find an exact match for CDP version 103, so returning the closest version found: 101
Jul 06, 2022 12:03:45 PM org.openqa.selenium.devtools.CdpVersionFinder findNearestMatch
INFO: Found CDP implementation for version 103 of 101
Starting ChromeDriver 103.0.5060.53 (a1711811edd74ff1cf2150f36ffa3b0dae40b17f-refs/branch-heads/5060@{#853}) on port 59954
Only local connections are allowed.
Please see https://chromedriver.chromium.org/security-considerations for suggestions on keeping ChromeDriver safe.
ChromeDriver was started successfully.
Jul 06, 2022 12:03:49 PM org.openqa.selenium.remote.ProtocolHandshake createSession
INFO: Detected dialect: W3C
Jul 06, 2022 12:03:50 PM org.openqa.selenium.devtools.CdpVersionFinder findNearestMatch
WARNING: Unable to find an exact match for CDP version 103, so returning the closest version found: 101
Jul 06, 2022 12:03:50 PM org.openqa.selenium.devtools.CdpVersionFinder findNearestMatch
INFO: Found CDP implementation for version 103 of 101
]]></system-err>
  </testcase>
  <testcase name="logintest[dsalgouser, sowmi@123](2)" classname="com.dsalgo.testcases.TC_Logintest_datadriven" time="3.198">
    <system-out><![CDATA[2022-07-06 12:04:02 INFO  ds-algo:20 - user is on login page
  2022-07-06 12:04:03 INFO  ds-algo:24 - user read data from excel
  ]]></system-out>
  </testcase>
  <testcase name="logintest[dsalgou123, sowmiya](3)" classname="com.dsalgo.testcases.TC_Logintest_datadriven" time="3.428">
    <system-out><![CDATA[2022-07-06 12:04:05 INFO  ds-algo:20 - user is on login page
  2022-07-06 12:04:06 INFO  ds-algo:24 - user read data from excel
  ]]></system-out>
  </testcase>
  <testcase name="logintest[dsalgouser, Sowmiya@123](4)" classname="com.dsalgo.testcases.TC_Logintest_datadriven" time="3.189">
    <system-out><![CDATA[2022-07-06 12:04:08 INFO  ds-algo:20 - user is on login page
  2022-07-06 12:04:09 INFO  ds-algo:24 - user read data from excel
  ]]></system-out>
  </testcase>
</testsuite>