<?xml version="1.0" encoding="UTF-8"?>
<testng-results ignored="0" total="40" passed="39" failed="1" skipped="0">
  <reporter-output>
  </reporter-output>
  <suite started-at="2022-07-11T16:34:40 EDT" name="DS-Algo" finished-at="2022-07-11T16:36:44 EDT" duration-ms="123450">
    <groups>
    </groups>
    <test started-at="2022-07-11T16:34:40 EDT" name="Test" finished-at="2022-07-11T16:36:44 EDT" duration-ms="123450">
      <class name="com.dsalgo.testcases.Arraypagetest">
        <test-method is-config="true" signature="setup(java.lang.String)[pri:0, instance:com.dsalgo.testcases.Arraypagetest@4248e66b]" started-at="2022-07-11T16:35:37 EDT" name="setup" finished-at="2022-07-11T16:35:41 EDT" duration-ms="4386" status="PASS">
          <params>
            <param index="0">
              <value>
                <![CDATA[chrome]]>
              </value>
            </param>
          </params>
          <reporter-output>
          </reporter-output>
        </test-method> <!-- setup -->
        <test-method signature="Arraypagetest1()[pri:1, instance:com.dsalgo.testcases.Arraypagetest@4248e66b]" started-at="2022-07-11T16:35:41 EDT" name="Arraypagetest1" finished-at="2022-07-11T16:35:49 EDT" duration-ms="7256" status="PASS">
          <reporter-output>
          </reporter-output>
        </test-method> <!-- Arraypagetest1 -->
        <test-method signature="Arraypagetest2()[pri:2, instance:com.dsalgo.testcases.Arraypagetest@4248e66b]" started-at="2022-07-11T16:35:49 EDT" name="Arraypagetest2" finished-at="2022-07-11T16:35:50 EDT" duration-ms="1811" status="PASS">
          <reporter-output>
          </reporter-output>
        </test-method> <!-- Arraypagetest2 -->
        <test-method signature="Arraypagetest3()[pri:3, instance:com.dsalgo.testcases.Arraypagetest@4248e66b]" started-at="2022-07-11T16:35:50 EDT" name="Arraypagetest3" finished-at="2022-07-11T16:35:52 EDT" duration-ms="1437" status="PASS">
          <reporter-output>
          </reporter-output>
        </test-method> <!-- Arraypagetest3 -->
        <test-method signature="Arraypagetest4()[pri:4, instance:com.dsalgo.testcases.Arraypagetest@4248e66b]" started-at="2022-07-11T16:35:52 EDT" name="Arraypagetest4" finished-at="2022-07-11T16:35:54 EDT" duration-ms="2342" status="PASS">
          <reporter-output>
          </reporter-output>
        </test-method> <!-- Arraypagetest4 -->
        <test-method signature="validate_Praticelink1()[pri:5, instance:com.dsalgo.testcases.Arraypagetest@4248e66b]" started-at="2022-07-11T16:35:54 EDT" name="validate_Praticelink1" finished-at="2022-07-11T16:35:56 EDT" duration-ms="1996" status="PASS">
          <reporter-output>
          </reporter-output>
        </test-method> <!-- validate_Praticelink1 -->
        <test-method signature="validate_Praticelink2()[pri:6, instance:com.dsalgo.testcases.Arraypagetest@4248e66b]" started-at="2022-07-11T16:35:56 EDT" name="validate_Praticelink2" finished-at="2022-07-11T16:35:57 EDT" duration-ms="914" status="PASS">
          <reporter-output>
          </reporter-output>
        </test-method> <!-- validate_Praticelink2 -->
        <test-method signature="validate_Praticelink3()[pri:7, instance:com.dsalgo.testcases.Arraypagetest@4248e66b]" started-at="2022-07-11T16:35:57 EDT" name="validate_Praticelink3" finished-at="2022-07-11T16:35:58 EDT" duration-ms="880" status="PASS">
          <reporter-output>
          </reporter-output>
        </test-method> <!-- validate_Praticelink3 -->
        <test-method signature="validate_Praticelink4()[pri:8, instance:com.dsalgo.testcases.Arraypagetest@4248e66b]" started-at="2022-07-11T16:35:58 EDT" name="validate_Praticelink4" finished-at="2022-07-11T16:35:59 EDT" duration-ms="936" status="PASS">
          <reporter-output>
          </reporter-output>
        </test-method> <!-- validate_Praticelink4 -->
        <test-method is-config="true" signature="quitbrowser()[pri:0, instance:com.dsalgo.testcases.Arraypagetest@4248e66b]" started-at="2022-07-11T16:35:59 EDT" name="quitbrowser" finished-at="2022-07-11T16:36:00 EDT" duration-ms="654" status="PASS">
          <reporter-output>
          </reporter-output>
        </test-method> <!-- quitbrowser -->
      </class> <!-- com.dsalgo.testcases.Arraypagetest -->
      <class name="com.dsalgo.testcases.TC_Logintest_datadriven">
        <test-method is-config="true" signature="setup(java.lang.String)[pri:0, instance:com.dsalgo.testcases.TC_Logintest_datadriven@7c6189d5]" started-at="2022-07-11T16:35:14 EDT" name="setup" finished-at="2022-07-11T16:35:18 EDT" duration-ms="3956" status="PASS">
          <params>
            <param index="0">
              <value>
                <![CDATA[chrome]]>
              </value>
            </param>
          </params>
          <reporter-output>
          </reporter-output>
        </test-method> <!-- setup -->
        <test-method signature="logintest(java.lang.String,java.lang.String)[pri:0, instance:com.dsalgo.testcases.TC_Logintest_datadriven@7c6189d5]" started-at="2022-07-11T16:35:21 EDT" name="logintest" data-provider="LoginData" finished-at="2022-07-11T16:35:26 EDT" duration-ms="4759" status="PASS">
          <params>
            <param index="0">
              <value>
                <![CDATA[dsalgo123]]>
              </value>
            </param>
            <param index="1">
              <value>
                <![CDATA[Sowmiya@123]]>
              </value>
            </param>
          </params>
          <reporter-output>
          </reporter-output>
        </test-method> <!-- logintest -->
        <test-method signature="logintest(java.lang.String,java.lang.String)[pri:0, instance:com.dsalgo.testcases.TC_Logintest_datadriven@7c6189d5]" started-at="2022-07-11T16:35:26 EDT" name="logintest" data-provider="LoginData" finished-at="2022-07-11T16:35:29 EDT" duration-ms="2842" status="PASS">
          <params>
            <param index="0">
              <value>
                <![CDATA[dsalgouser]]>
              </value>
            </param>
            <param index="1">
              <value>
                <![CDATA[sowmi@123]]>
              </value>
            </param>
          </params>
          <reporter-output>
          </reporter-output>
        </test-method> <!-- logintest -->
        <test-method signature="logintest(java.lang.String,java.lang.String)[pri:0, instance:com.dsalgo.testcases.TC_Logintest_datadriven@7c6189d5]" started-at="2022-07-11T16:35:29 EDT" name="logintest" data-provider="LoginData" finished-at="2022-07-11T16:35:32 EDT" duration-ms="3403" status="PASS">
          <params>
            <param index="0">
              <value>
                <![CDATA[dsalgou123]]>
              </value>
            </param>
            <param index="1">
              <value>
                <![CDATA[sowmiya]]>
              </value>
            </param>
          </params>
          <reporter-output>
          </reporter-output>
        </test-method> <!-- logintest -->
        <test-method signature="logintest(java.lang.String,java.lang.String)[pri:0, instance:com.dsalgo.testcases.TC_Logintest_datadriven@7c6189d5]" started-at="2022-07-11T16:35:32 EDT" name="logintest" data-provider="LoginData" finished-at="2022-07-11T16:35:36 EDT" duration-ms="3448" status="PASS">
          <params>
            <param index="0">
              <value>
                <![CDATA[dsalgouser]]>
              </value>
            </param>
            <param index="1">
              <value>
                <![CDATA[Sowmiya@123]]>
              </value>
            </param>
          </params>
          <reporter-output>
          </reporter-output>
        </test-method> <!-- logintest -->
        <test-method is-config="true" signature="quitbrowser()[pri:0, instance:com.dsalgo.testcases.TC_Logintest_datadriven@7c6189d5]" started-at="2022-07-11T16:35:36 EDT" name="quitbrowser" finished-at="2022-07-11T16:35:37 EDT" duration-ms="804" status="PASS">
          <reporter-output>
          </reporter-output>
        </test-method> <!-- quitbrowser -->
      </class> <!-- com.dsalgo.testcases.TC_Logintest_datadriven -->
      <class name="com.dsalgo.testcases.Treepagetest">
        <test-method is-config="true" signature="setup(java.lang.String)[pri:0, instance:com.dsalgo.testcases.Treepagetest@3e6534e7]" started-at="2022-07-11T16:36:00 EDT" name="setup" finished-at="2022-07-11T16:36:04 EDT" duration-ms="4125" status="PASS">
          <params>
            <param index="0">
              <value>
                <![CDATA[chrome]]>
              </value>
            </param>
          </params>
          <reporter-output>
          </reporter-output>
        </test-method> <!-- setup -->
        <test-method signature="treetest()[pri:0, instance:com.dsalgo.testcases.Treepagetest@3e6534e7]" started-at="2022-07-11T16:36:04 EDT" name="treetest" finished-at="2022-07-11T16:36:11 EDT" duration-ms="6855" status="PASS">
          <reporter-output>
          </reporter-output>
        </test-method> <!-- treetest -->
        <test-method signature="validate_treelink2()[pri:2, instance:com.dsalgo.testcases.Treepagetest@3e6534e7]" started-at="2022-07-11T16:36:11 EDT" name="validate_treelink2" finished-at="2022-07-11T16:36:12 EDT" duration-ms="1293" status="PASS">
          <reporter-output>
          </reporter-output>
        </test-method> <!-- validate_treelink2 -->
        <test-method signature="validate_treelink3()[pri:3, instance:com.dsalgo.testcases.Treepagetest@3e6534e7]" started-at="2022-07-11T16:36:12 EDT" name="validate_treelink3" finished-at="2022-07-11T16:36:13 EDT" duration-ms="1464" status="PASS">
          <reporter-output>
          </reporter-output>
        </test-method> <!-- validate_treelink3 -->
        <test-method signature="validate_treelink4()[pri:4, instance:com.dsalgo.testcases.Treepagetest@3e6534e7]" started-at="2022-07-11T16:36:13 EDT" name="validate_treelink4" finished-at="2022-07-11T16:36:15 EDT" duration-ms="2007" status="PASS">
          <reporter-output>
          </reporter-output>
        </test-method> <!-- validate_treelink4 -->
        <test-method signature="validate_treelink5()[pri:5, instance:com.dsalgo.testcases.Treepagetest@3e6534e7]" started-at="2022-07-11T16:36:15 EDT" name="validate_treelink5" finished-at="2022-07-11T16:36:17 EDT" duration-ms="1948" status="PASS">
          <reporter-output>
          </reporter-output>
        </test-method> <!-- validate_treelink5 -->
        <test-method signature="validate_treelink6()[pri:6, instance:com.dsalgo.testcases.Treepagetest@3e6534e7]" started-at="2022-07-11T16:36:17 EDT" name="validate_treelink6" finished-at="2022-07-11T16:36:19 EDT" duration-ms="1235" status="PASS">
          <reporter-output>
          </reporter-output>
        </test-method> <!-- validate_treelink6 -->
        <test-method signature="validate_treelink7()[pri:7, instance:com.dsalgo.testcases.Treepagetest@3e6534e7]" started-at="2022-07-11T16:36:19 EDT" name="validate_treelink7" finished-at="2022-07-11T16:36:20 EDT" duration-ms="1138" status="PASS">
          <reporter-output>
          </reporter-output>
        </test-method> <!-- validate_treelink7 -->
        <test-method signature="validate_treelink8()[pri:8, instance:com.dsalgo.testcases.Treepagetest@3e6534e7]" started-at="2022-07-11T16:36:20 EDT" name="validate_treelink8" finished-at="2022-07-11T16:36:21 EDT" duration-ms="1125" status="PASS">
          <reporter-output>
          </reporter-output>
        </test-method> <!-- validate_treelink8 -->
        <test-method signature="validate_treelink9()[pri:9, instance:com.dsalgo.testcases.Treepagetest@3e6534e7]" started-at="2022-07-11T16:36:21 EDT" name="validate_treelink9" finished-at="2022-07-11T16:36:22 EDT" duration-ms="1276" status="PASS">
          <reporter-output>
          </reporter-output>
        </test-method> <!-- validate_treelink9 -->
        <test-method signature="validate_treelink10()[pri:10, instance:com.dsalgo.testcases.Treepagetest@3e6534e7]" started-at="2022-07-11T16:36:22 EDT" name="validate_treelink10" finished-at="2022-07-11T16:36:23 EDT" duration-ms="1158" status="PASS">
          <reporter-output>
          </reporter-output>
        </test-method> <!-- validate_treelink10 -->
        <test-method signature="validate_treelink11()[pri:11, instance:com.dsalgo.testcases.Treepagetest@3e6534e7]" started-at="2022-07-11T16:36:23 EDT" name="validate_treelink11" finished-at="2022-07-11T16:36:25 EDT" duration-ms="1172" status="PASS">
          <reporter-output>
          </reporter-output>
        </test-method> <!-- validate_treelink11 -->
        <test-method signature="validate_treelink12()[pri:12, instance:com.dsalgo.testcases.Treepagetest@3e6534e7]" started-at="2022-07-11T16:36:25 EDT" name="validate_treelink12" finished-at="2022-07-11T16:36:27 EDT" duration-ms="2009" status="PASS">
          <reporter-output>
          </reporter-output>
        </test-method> <!-- validate_treelink12 -->
        <test-method signature="validate_treelink13()[pri:13, instance:com.dsalgo.testcases.Treepagetest@3e6534e7]" started-at="2022-07-11T16:36:27 EDT" name="validate_treelink13" finished-at="2022-07-11T16:36:28 EDT" duration-ms="1104" status="PASS">
          <reporter-output>
          </reporter-output>
        </test-method> <!-- validate_treelink13 -->
        <test-method is-config="true" signature="quitbrowser()[pri:0, instance:com.dsalgo.testcases.Treepagetest@3e6534e7]" started-at="2022-07-11T16:36:28 EDT" name="quitbrowser" finished-at="2022-07-11T16:36:28 EDT" duration-ms="545" status="PASS">
          <reporter-output>
          </reporter-output>
        </test-method> <!-- quitbrowser -->
      </class> <!-- com.dsalgo.testcases.Treepagetest -->
      <class name="com.dsalgo.testcases.Login_alert_validation">
        <test-method is-config="true" signature="setup(java.lang.String)[pri:0, instance:com.dsalgo.testcases.Login_alert_validation@66ad7bf0]" started-at="2022-07-11T16:36:28 EDT" name="setup" finished-at="2022-07-11T16:36:32 EDT" duration-ms="3724" status="PASS">
          <params>
            <param index="0">
              <value>
                <![CDATA[chrome]]>
              </value>
            </param>
          </params>
          <reporter-output>
          </reporter-output>
        </test-method> <!-- setup -->
        <test-method signature="logintest_invalidcredential()[pri:0, instance:com.dsalgo.testcases.Login_alert_validation@66ad7bf0]" started-at="2022-07-11T16:36:32 EDT" name="logintest_invalidcredential" finished-at="2022-07-11T16:36:37 EDT" duration-ms="5539" status="PASS">
          <reporter-output>
          </reporter-output>
        </test-method> <!-- logintest_invalidcredential -->
        <test-method signature="logintest_pwdempty()[pri:0, instance:com.dsalgo.testcases.Login_alert_validation@66ad7bf0]" started-at="2022-07-11T16:36:37 EDT" name="logintest_pwdempty" finished-at="2022-07-11T16:36:40 EDT" duration-ms="2939" status="PASS">
          <reporter-output>
          </reporter-output>
        </test-method> <!-- logintest_pwdempty -->
        <test-method signature="logintest_userempty()[pri:0, instance:com.dsalgo.testcases.Login_alert_validation@66ad7bf0]" started-at="2022-07-11T16:36:40 EDT" name="logintest_userempty" finished-at="2022-07-11T16:36:43 EDT" duration-ms="2616" status="PASS">
          <reporter-output>
          </reporter-output>
        </test-method> <!-- logintest_userempty -->
        <test-method is-config="true" signature="quitbrowser()[pri:0, instance:com.dsalgo.testcases.Login_alert_validation@66ad7bf0]" started-at="2022-07-11T16:36:43 EDT" name="quitbrowser" finished-at="2022-07-11T16:36:44 EDT" duration-ms="530" status="PASS">
          <reporter-output>
          </reporter-output>
        </test-method> <!-- quitbrowser -->
      </class> <!-- com.dsalgo.testcases.Login_alert_validation -->
      <class name="com.dsalgo.testcases.Homepagetest">
        <test-method is-config="true" signature="setup(java.lang.String)[pri:0, instance:com.dsalgo.testcases.Homepagetest@270b6b5e]" started-at="2022-07-11T16:34:54 EDT" name="setup" finished-at="2022-07-11T16:34:57 EDT" duration-ms="3585" status="PASS">
          <params>
            <param index="0">
              <value>
                <![CDATA[chrome]]>
              </value>
            </param>
          </params>
          <reporter-output>
          </reporter-output>
        </test-method> <!-- setup -->
        <test-method signature="hometest()[pri:1, instance:com.dsalgo.testcases.Homepagetest@270b6b5e]" started-at="2022-07-11T16:34:57 EDT" name="hometest" finished-at="2022-07-11T16:34:59 EDT" duration-ms="1807" status="FAIL">
          <exception class="java.lang.AssertionError">
            <message>
              <![CDATA[expected [true] but found [false]]]>
            </message>
            <full-stacktrace>
              <![CDATA[java.lang.AssertionError: expected [true] but found [false]
at org.testng.Assert.fail(Assert.java:99)
at org.testng.Assert.failNotEquals(Assert.java:1037)
at org.testng.Assert.assertTrue(Assert.java:45)
at org.testng.Assert.assertTrue(Assert.java:55)
at com.dsalgo.testcases.Homepagetest.hometest(Homepagetest.java:21)
at java.base/jdk.internal.reflect.NativeMethodAccessorImpl.invoke0(Native Method)
at java.base/jdk.internal.reflect.NativeMethodAccessorImpl.invoke(NativeMethodAccessorImpl.java:77)
at java.base/jdk.internal.reflect.DelegatingMethodAccessorImpl.invoke(DelegatingMethodAccessorImpl.java:43)
at java.base/java.lang.reflect.Method.invoke(Method.java:568)
at org.testng.internal.MethodInvocationHelper.invokeMethod(MethodInvocationHelper.java:133)
at org.testng.internal.TestInvoker.invokeMethod(TestInvoker.java:598)
at org.testng.internal.TestInvoker.invokeTestMethod(TestInvoker.java:173)
at org.testng.internal.MethodRunner.runInSequence(MethodRunner.java:46)
at org.testng.internal.TestInvoker$MethodInvocationAgent.invoke(TestInvoker.java:824)
at org.testng.internal.TestInvoker.invokeTestMethods(TestInvoker.java:146)
at org.testng.internal.TestMethodWorker.invokeTestMethods(TestMethodWorker.java:146)
at org.testng.internal.TestMethodWorker.run(TestMethodWorker.java:128)
at java.base/java.util.ArrayList.forEach(ArrayList.java:1511)
at org.testng.TestRunner.privateRun(TestRunner.java:794)
at org.testng.TestRunner.run(TestRunner.java:596)
at org.testng.SuiteRunner.runTest(SuiteRunner.java:377)
at org.testng.SuiteRunner.runSequentially(SuiteRunner.java:371)
at org.testng.SuiteRunner.privateRun(SuiteRunner.java:332)
at org.testng.SuiteRunner.run(SuiteRunner.java:276)
at org.testng.SuiteRunnerWorker.runSuite(SuiteRunnerWorker.java:53)
at org.testng.SuiteRunnerWorker.run(SuiteRunnerWorker.java:96)
at org.testng.TestNG.runSuitesSequentially(TestNG.java:1212)
at org.testng.TestNG.runSuitesLocally(TestNG.java:1134)
at org.testng.TestNG.runSuites(TestNG.java:1063)
at org.testng.TestNG.run(TestNG.java:1031)
at org.testng.remote.AbstractRemoteTestNG.run(AbstractRemoteTestNG.java:115)
at org.testng.remote.RemoteTestNG.initAndRun(RemoteTestNG.java:251)
at org.testng.remote.RemoteTestNG.main(RemoteTestNG.java:77)
]]>
            </full-stacktrace>
          </exception> <!-- java.lang.AssertionError -->
          <reporter-output>
          </reporter-output>
        </test-method> <!-- hometest -->
        <test-method signature="validate_panecount()[pri:2, instance:com.dsalgo.testcases.Homepagetest@270b6b5e]" started-at="2022-07-11T16:35:00 EDT" name="validate_panecount" finished-at="2022-07-11T16:35:00 EDT" duration-ms="80" status="PASS">
          <reporter-output>
          </reporter-output>
        </test-method> <!-- validate_panecount -->
        <test-method signature="validate_dropdownoptions()[pri:3, instance:com.dsalgo.testcases.Homepagetest@270b6b5e]" started-at="2022-07-11T16:35:00 EDT" name="validate_dropdownoptions" finished-at="2022-07-11T16:35:00 EDT" duration-ms="472" status="PASS">
          <reporter-output>
          </reporter-output>
        </test-method> <!-- validate_dropdownoptions -->
        <test-method signature="Getstart_withoutlogin()[pri:4, instance:com.dsalgo.testcases.Homepagetest@270b6b5e]" started-at="2022-07-11T16:35:00 EDT" name="Getstart_withoutlogin" finished-at="2022-07-11T16:35:01 EDT" duration-ms="945" status="PASS">
          <reporter-output>
          </reporter-output>
        </test-method> <!-- Getstart_withoutlogin -->
        <test-method signature="select_Arrays_dropdown()[pri:5, instance:com.dsalgo.testcases.Homepagetest@270b6b5e]" started-at="2022-07-11T16:35:01 EDT" name="select_Arrays_dropdown" finished-at="2022-07-11T16:35:02 EDT" duration-ms="736" status="PASS">
          <reporter-output>
          </reporter-output>
        </test-method> <!-- select_Arrays_dropdown -->
        <test-method signature="click_loginfrmhome()[pri:6, instance:com.dsalgo.testcases.Homepagetest@270b6b5e]" started-at="2022-07-11T16:35:02 EDT" name="click_loginfrmhome" finished-at="2022-07-11T16:35:03 EDT" duration-ms="691" status="PASS">
          <reporter-output>
          </reporter-output>
        </test-method> <!-- click_loginfrmhome -->
        <test-method signature="click_registerfrmhome()[pri:7, instance:com.dsalgo.testcases.Homepagetest@270b6b5e]" started-at="2022-07-11T16:35:03 EDT" name="click_registerfrmhome" finished-at="2022-07-11T16:35:04 EDT" duration-ms="845" status="PASS">
          <reporter-output>
          </reporter-output>
        </test-method> <!-- click_registerfrmhome -->
        <test-method is-config="true" signature="quitbrowser()[pri:0, instance:com.dsalgo.testcases.Homepagetest@270b6b5e]" started-at="2022-07-11T16:35:04 EDT" name="quitbrowser" finished-at="2022-07-11T16:35:04 EDT" duration-ms="631" status="PASS">
          <reporter-output>
          </reporter-output>
        </test-method> <!-- quitbrowser -->
      </class> <!-- com.dsalgo.testcases.Homepagetest -->
      <class name="com.dsalgo.testcases.Registrationtest_new">
        <test-method is-config="true" signature="setup(java.lang.String)[pri:0, instance:com.dsalgo.testcases.Registrationtest_new@7e94d093]" started-at="2022-07-11T16:35:04 EDT" name="setup" finished-at="2022-07-11T16:35:08 EDT" duration-ms="4044" status="PASS">
          <params>
            <param index="0">
              <value>
                <![CDATA[chrome]]>
              </value>
            </param>
          </params>
          <reporter-output>
          </reporter-output>
        </test-method> <!-- setup -->
        <test-method signature="invalid_data(java.lang.String,java.lang.String,java.lang.String)[pri:2, instance:com.dsalgo.testcases.Registrationtest_new@7e94d093]" started-at="2022-07-11T16:35:08 EDT" name="invalid_data" data-provider="Registration_data" finished-at="2022-07-11T16:35:12 EDT" duration-ms="3362" status="PASS">
          <params>
            <param index="0">
              <value>
                <![CDATA[Sowa1234]]>
              </value>
            </param>
            <param index="1">
              <value>
                <![CDATA[nsdfjshj]]>
              </value>
            </param>
            <param index="2">
              <value>
                <![CDATA[jshfjsjj]]>
              </value>
            </param>
          </params>
          <reporter-output>
          </reporter-output>
        </test-method> <!-- invalid_data -->
        <test-method signature="Validate_withallempty()[pri:3, instance:com.dsalgo.testcases.Registrationtest_new@7e94d093]" started-at="2022-07-11T16:35:12 EDT" name="Validate_withallempty" finished-at="2022-07-11T16:35:12 EDT" duration-ms="274" status="PASS">
          <reporter-output>
          </reporter-output>
        </test-method> <!-- Validate_withallempty -->
        <test-method signature="Validate_withpwdempty(java.lang.String)[pri:4, instance:com.dsalgo.testcases.Registrationtest_new@7e94d093]" started-at="2022-07-11T16:35:12 EDT" name="Validate_withpwdempty" data-provider="Registration_data" finished-at="2022-07-11T16:35:12 EDT" duration-ms="317" status="PASS">
          <params>
            <param index="0">
              <value>
                <![CDATA[Dsalgouser]]>
              </value>
            </param>
          </params>
          <reporter-output>
          </reporter-output>
        </test-method> <!-- Validate_withpwdempty -->
        <test-method signature="Validate_with_cfmpwd_empty(java.lang.String,java.lang.String)[pri:5, instance:com.dsalgo.testcases.Registrationtest_new@7e94d093]" started-at="2022-07-11T16:35:12 EDT" name="Validate_with_cfmpwd_empty" data-provider="Registration_data" finished-at="2022-07-11T16:35:13 EDT" duration-ms="817" status="PASS">
          <params>
            <param index="0">
              <value>
                <![CDATA[Sowmiyaalgods]]>
              </value>
            </param>
            <param index="1">
              <value>
                <![CDATA[Sowmiya@123]]>
              </value>
            </param>
          </params>
          <reporter-output>
          </reporter-output>
        </test-method> <!-- Validate_with_cfmpwd_empty -->
        <test-method is-config="true" signature="quitbrowser()[pri:0, instance:com.dsalgo.testcases.Registrationtest_new@7e94d093]" started-at="2022-07-11T16:35:13 EDT" name="quitbrowser" finished-at="2022-07-11T16:35:14 EDT" duration-ms="774" status="PASS">
          <reporter-output>
          </reporter-output>
        </test-method> <!-- quitbrowser -->
      </class> <!-- com.dsalgo.testcases.Registrationtest_new -->
      <class name="com.dsalgo.testcases.Getstartedtest">
        <test-method is-config="true" signature="setup(java.lang.String)[pri:0, instance:com.dsalgo.testcases.Getstartedtest@3ac8cf9b]" started-at="2022-07-11T16:34:40 EDT" name="setup" finished-at="2022-07-11T16:34:51 EDT" duration-ms="10591" status="PASS">
          <params>
            <param index="0">
              <value>
                <![CDATA[chrome]]>
              </value>
            </param>
          </params>
          <reporter-output>
          </reporter-output>
        </test-method> <!-- setup -->
        <test-method signature="Getstarted()[pri:0, instance:com.dsalgo.testcases.Getstartedtest@3ac8cf9b]" started-at="2022-07-11T16:34:51 EDT" name="Getstarted" finished-at="2022-07-11T16:34:53 EDT" duration-ms="1924" status="PASS">
          <reporter-output>
          </reporter-output>
        </test-method> <!-- Getstarted -->
        <test-method is-config="true" signature="quitbrowser()[pri:0, instance:com.dsalgo.testcases.Getstartedtest@3ac8cf9b]" started-at="2022-07-11T16:34:53 EDT" name="quitbrowser" finished-at="2022-07-11T16:34:54 EDT" duration-ms="745" status="PASS">
          <reporter-output>
          </reporter-output>
        </test-method> <!-- quitbrowser -->
      </class> <!-- com.dsalgo.testcases.Getstartedtest -->
    </test> <!-- Test -->
  </suite> <!-- DS-Algo -->
</testng-results>
